line 1 warning: non comment found at end of line
error on line 1 : unknown opcode
line 2 warning: non comment found at end of line
error on line 2 : unknown opcode
line 3 warning: non comment found at end of line
error on line 3 : unknown opcode
line 4 warning: non comment found at end of line
error on line 4 : unknown opcode
line 5 warning: non comment found at end of line
error on line 5 : unknown opcode
line 6 warning: non comment found at end of line
error on line 6 : unknown opcode
line 7 warning: non comment found at end of line
error on line 7 : unknown opcode
line 8 warning: non comment found at end of line
error on line 8 : unknown opcode
line 9 warning: non comment found at end of line
error on line 9 : unknown opcode
line 10 warning: non comment found at end of line
error on line 10 : unknown opcode
line 11 warning: non comment found at end of line
error on line 11 : unknown opcode
line 12 warning: non comment found at end of line
error on line 12 : unknown opcode
line 13 warning: non comment found at end of line
error on line 13 : unknown opcode
line 14 warning: non comment found at end of line
error on line 14 : unknown opcode
line 15 warning: non comment found at end of line
error on line 15 : unknown opcode
line 1 warning: non comment found at end of line
error on line 1 : unknown opcode
line 2 warning: non comment found at end of line
error on line 2 : unknown opcode
line 3 warning: non comment found at end of line
error on line 3 : unknown opcode
line 4 warning: non comment found at end of line
error on line 4 : unknown opcode
line 5 warning: non comment found at end of line
error on line 5 : unknown opcode
line 6 warning: non comment found at end of line
error on line 6 : unknown opcode
line 7 warning: non comment found at end of line
error on line 7 : unknown opcode
line 8 warning: non comment found at end of line
error on line 8 : unknown opcode
line 9 warning: non comment found at end of line
error on line 9 : unknown opcode
line 10 warning: non comment found at end of line
error on line 10 : unknown opcode
line 11 warning: non comment found at end of line
error on line 11 : unknown opcode
line 12 warning: non comment found at end of line
error on line 12 : unknown opcode
line 13 warning: non comment found at end of line
error on line 13 : unknown opcode
line 14 warning: non comment found at end of line
error on line 14 : unknown opcode
line 15 warning: non comment found at end of line
error on line 15 : unknown opcode
line 1 warning: non comment found at end of line
error on line 1 : unknown opcode
line 2 warning: non comment found at end of line
error on line 2 : unknown opcode
line 3 warning: non comment found at end of line
error on line 3 : unknown opcode
line 4 warning: non comment found at end of line
error on line 4 : unknown opcode
line 5 warning: non comment found at end of line
error on line 5 : unknown opcode
line 6 warning: non comment found at end of line
error on line 6 : unknown opcode
line 7 warning: non comment found at end of line
error on line 7 : unknown opcode
line 8 warning: non comment found at end of line
error on line 8 : unknown opcode
line 9 warning: non comment found at end of line
error on line 9 : unknown opcode
line 10 warning: non comment found at end of line
error on line 10 : unknown opcode
line 11 warning: non comment found at end of line
error on line 11 : unknown opcode
line 12 warning: non comment found at end of line
error on line 12 : unknown opcode
line 13 warning: non comment found at end of line
error on line 13 : unknown opcode
line 14 warning: non comment found at end of line
error on line 14 : unknown opcode
line 15 warning: non comment found at end of line
error on line 15 : unknown opcode
line 1 warning: non comment found at end of line
error on line 1 : unknown opcode
line 2 warning: non comment found at end of line
error on line 2 : unknown opcode
line 3 warning: non comment found at end of line
error on line 3 : unknown opcode
line 4 warning: non comment found at end of line
error on line 4 : unknown opcode
line 5 warning: non comment found at end of line
error on line 5 : unknown opcode
line 6 warning: non comment found at end of line
error on line 6 : unknown opcode
line 7 warning: non comment found at end of line
error on line 7 : unknown opcode
line 8 warning: non comment found at end of line
error on line 8 : unknown opcode
line 9 warning: non comment found at end of line
error on line 9 : unknown opcode
line 10 warning: non comment found at end of line
error on line 10 : unknown opcode
line 11 warning: non comment found at end of line
error on line 11 : unknown opcode
line 12 warning: non comment found at end of line
error on line 12 : unknown opcode
line 13 warning: non comment found at end of line
error on line 13 : unknown opcode
line 14 warning: non comment found at end of line
error on line 14 : unknown opcode
line 15 warning: non comment found at end of line
error on line 15 : unknown opcode
duckfact.out
duckfma.out
simple.out
line 1 warning: non comment found at end of line
error on line 1 : unknown opcode
line 2 warning: non comment found at end of line
error on line 2 : unknown opcode
line 3 warning: non comment found at end of line
error on line 3 : unknown opcode
line 4 warning: non comment found at end of line
error on line 4 : unknown opcode
line 5 warning: non comment found at end of line
error on line 5 : unknown opcode
line 6 warning: non comment found at end of line
error on line 6 : unknown opcode
line 7 warning: non comment found at end of line
error on line 7 : unknown opcode
line 8 warning: non comment found at end of line
error on line 8 : unknown opcode
line 9 warning: non comment found at end of line
error on line 9 : unknown opcode
line 10 warning: non comment found at end of line
error on line 10 : unknown opcode
line 11 warning: non comment found at end of line
error on line 11 : unknown opcode
line 12 warning: non comment found at end of line
error on line 12 : unknown opcode
line 13 warning: non comment found at end of line
error on line 13 : unknown opcode
line 14 warning: non comment found at end of line
error on line 14 : unknown opcode
line 15 warning: non comment found at end of line
error on line 15 : unknown opcode
duckfact.out
duckfma.out
simple.out
line 1 warning: non comment found at end of line
error on line 1 : unknown opcode
line 2 warning: non comment found at end of line
error on line 2 : unknown opcode
line 3 warning: non comment found at end of line
error on line 3 : unknown opcode
line 4 warning: non comment found at end of line
error on line 4 : unknown opcode
line 5 warning: non comment found at end of line
error on line 5 : unknown opcode
line 6 warning: non comment found at end of line
error on line 6 : unknown opcode
line 7 warning: non comment found at end of line
error on line 7 : unknown opcode
line 8 warning: non comment found at end of line
error on line 8 : unknown opcode
line 9 warning: non comment found at end of line
error on line 9 : unknown opcode
line 10 warning: non comment found at end of line
error on line 10 : unknown opcode
line 11 warning: non comment found at end of line
error on line 11 : unknown opcode
line 12 warning: non comment found at end of line
error on line 12 : unknown opcode
line 13 warning: non comment found at end of line
error on line 13 : unknown opcode
line 14 warning: non comment found at end of line
error on line 14 : unknown opcode
line 15 warning: non comment found at end of line
error on line 15 : unknown opcode
duckfact.out
duckfma.out
simple.out
line 1 warning: non comment found at end of line
error on line 1 : unknown opcode
line 2 warning: non comment found at end of line
error on line 2 : unknown opcode
line 3 warning: non comment found at end of line
error on line 3 : unknown opcode
line 4 warning: non comment found at end of line
error on line 4 : unknown opcode
line 5 warning: non comment found at end of line
error on line 5 : unknown opcode
line 6 warning: non comment found at end of line
error on line 6 : unknown opcode
line 7 warning: non comment found at end of line
error on line 7 : unknown opcode
line 8 warning: non comment found at end of line
error on line 8 : unknown opcode
line 9 warning: non comment found at end of line
error on line 9 : unknown opcode
line 10 warning: non comment found at end of line
error on line 10 : unknown opcode
line 11 warning: non comment found at end of line
error on line 11 : unknown opcode
line 12 warning: non comment found at end of line
error on line 12 : unknown opcode
line 13 warning: non comment found at end of line
error on line 13 : unknown opcode
line 14 warning: non comment found at end of line
error on line 14 : unknown opcode
line 15 warning: non comment found at end of line
error on line 15 : unknown opcode
duckfact.out
----------------------------------------------------
duckfma.out
----------------------------------------------------
simple.out
----------------------------------------------------
line 1 warning: non comment found at end of line
error on line 1 : unknown opcode
line 2 warning: non comment found at end of line
error on line 2 : unknown opcode
line 3 warning: non comment found at end of line
error on line 3 : unknown opcode
line 4 warning: non comment found at end of line
error on line 4 : unknown opcode
line 5 warning: non comment found at end of line
error on line 5 : unknown opcode
line 6 warning: non comment found at end of line
error on line 6 : unknown opcode
line 7 warning: non comment found at end of line
error on line 7 : unknown opcode
line 8 warning: non comment found at end of line
error on line 8 : unknown opcode
line 9 warning: non comment found at end of line
error on line 9 : unknown opcode
line 10 warning: non comment found at end of line
error on line 10 : unknown opcode
line 11 warning: non comment found at end of line
error on line 11 : unknown opcode
line 12 warning: non comment found at end of line
error on line 12 : unknown opcode
line 13 warning: non comment found at end of line
error on line 13 : unknown opcode
line 14 warning: non comment found at end of line
error on line 14 : unknown opcode
line 15 warning: non comment found at end of line
error on line 15 : unknown opcode
duckfact.out
----------------------------------------------------
duckfma.out
----------------------------------------------------
duckfact.out
----------------------------------------------------
duckfma.out
----------------------------------------------------
duckfact.out
----------------------------------------------------
duckfma.out
----------------------------------------------------
duckfact.out
----------------------------------------------------
duckfma.out
----------------------------------------------------
duckfact.out
----------------------------------------------------
duckfma.out
----------------------------------------------------
duckfma.out
----------------------------------------------------
duckfact.out
----------------------------------------------------
duckfma.out
----------------------------------------------------
factorial2.out
----------------------------------------------------
fibonacci2.out
----------------------------------------------------
fma.out
----------------------------------------------------
duckfact.out
----------------------------------------------------
duckfma.out
----------------------------------------------------
factorial2.out
----------------------------------------------------
fibonacci2.out
----------------------------------------------------
fma.out
----------------------------------------------------
